<html>
<head>
<title>TestNG:  HL</title>
<link href="../testng.css" rel="stylesheet" type="text/css" />
<link href="../my-testng.css" rel="stylesheet" type="text/css" />

<style type="text/css">
.log { display: none;} 
.stack-trace { display: none;} 
</style>
<script type="text/javascript">
<!--
function flip(e) {
  current = e.style.display;
  if (current == 'block') {
    e.style.display = 'none';
    return 0;
  }
  else {
    e.style.display = 'block';
    return 1;
  }
}

function toggleBox(szDivId, elem, msg1, msg2)
{
  var res = -1;  if (document.getElementById) {
    res = flip(document.getElementById(szDivId));
  }
  else if (document.all) {
    // this is the way old msie versions work
    res = flip(document.all[szDivId]);
  }
  if(elem) {
    if(res == 0) elem.innerHTML = msg1; else elem.innerHTML = msg2;
  }

}

function toggleAllBoxes() {
  if (document.getElementsByTagName) {
    d = document.getElementsByTagName('div');
    for (i = 0; i < d.length; i++) {
      if (d[i].className == 'log') {
        flip(d[i]);
      }
    }
  }
}

// -->
</script>

</head>
<body>
<h2 align='center'>HL</h2><table border='1' align="center">
<tr>
<td>Tests passed/Failed/Skipped:</td><td>13/1/0</td>
</tr><tr>
<td>Started on:</td><td>Tue Jan 10 05:01:05 EET 2023</td>
</tr>
<tr><td>Total time:</td><td>166 seconds (166878 ms)</td>
</tr><tr>
<td>Included groups:</td><td></td>
</tr><tr>
<td>Excluded groups:</td><td></td>
</tr>
</table><p/>
<small><i>(Hover the method name to see the test class name)</i></small><p/>
<table width='100%' border='1' class='invocation-failed'>
<tr><td colspan='4' align='center'><b>FAILED TESTS</b></td></tr>
<tr><td><b>Test method</b></td>
<td width="30%"><b>Exception</b></td>
<td width="10%"><b>Time (seconds)</b></td>
<td><b>Instance</b></td>
</tr>
<tr>
<td title='com.freecrm.testcases.HomePageTest.urlCheck()'><b>urlCheck</b><br>Test class: com.freecrm.testcases.HomePageTest</td>
<td><div><pre>java.lang.AssertionError: The following asserts failed:
	expected [https://classic.freecrm.com/index.cfm?CFID=2102726&amp;CFTOKEN=823b7dcc29de5e26-87F7B7DD-BF3F-6DE4-EBD85681188A5C8C&amp;jsessionid=a630b2c92f5d9626563e1110d23674de3b31] but found [https://classic.freecrm.com/index.cfm?CFID=132615&amp;CFTOKEN=33201820&amp;jsessionid=b630e86a0dc714b4321d2136e2e416573b3c]
	at com.freecrm.testcases.HomePageTest.urlCheck(HomePageTest.java:39)
	at java.base/java.util.ArrayList.forEach(ArrayList.java:1511)
... Removed 29 stack frames</pre></div><a href='#' onClick='toggleBox("stack-trace712732521", this, "Click to show all stack frames", "Click to hide stack frames")'>Click to show all stack frames</a>
<div class='stack-trace' id='stack-trace712732521'><pre>java.lang.AssertionError: The following asserts failed:
	expected [https://classic.freecrm.com/index.cfm?CFID=2102726&amp;CFTOKEN=823b7dcc29de5e26-87F7B7DD-BF3F-6DE4-EBD85681188A5C8C&amp;jsessionid=a630b2c92f5d9626563e1110d23674de3b31] but found [https://classic.freecrm.com/index.cfm?CFID=132615&amp;CFTOKEN=33201820&amp;jsessionid=b630e86a0dc714b4321d2136e2e416573b3c]
	at org.testng.asserts.SoftAssert.assertAll(SoftAssert.java:47)
	at org.testng.asserts.SoftAssert.assertAll(SoftAssert.java:31)
	at com.freecrm.testcases.HomePageTest.urlCheck(HomePageTest.java:39)
	at java.base/jdk.internal.reflect.NativeMethodAccessorImpl.invoke0(Native Method)
	at java.base/jdk.internal.reflect.NativeMethodAccessorImpl.invoke(NativeMethodAccessorImpl.java:77)
	at java.base/jdk.internal.reflect.DelegatingMethodAccessorImpl.invoke(DelegatingMethodAccessorImpl.java:43)
	at java.base/java.lang.reflect.Method.invoke(Method.java:568)
	at org.testng.internal.MethodInvocationHelper.invokeMethod(MethodInvocationHelper.java:133)
	at org.testng.internal.TestInvoker.invokeMethod(TestInvoker.java:598)
	at org.testng.internal.TestInvoker.invokeTestMethod(TestInvoker.java:173)
	at org.testng.internal.MethodRunner.runInSequence(MethodRunner.java:46)
	at org.testng.internal.TestInvoker$MethodInvocationAgent.invoke(TestInvoker.java:824)
	at org.testng.internal.TestInvoker.invokeTestMethods(TestInvoker.java:146)
	at org.testng.internal.TestMethodWorker.invokeTestMethods(TestMethodWorker.java:146)
	at org.testng.internal.TestMethodWorker.run(TestMethodWorker.java:128)
	at java.base/java.util.ArrayList.forEach(ArrayList.java:1511)
	at org.testng.TestRunner.privateRun(TestRunner.java:794)
	at org.testng.TestRunner.run(TestRunner.java:596)
	at org.testng.SuiteRunner.runTest(SuiteRunner.java:377)
	at org.testng.SuiteRunner.runSequentially(SuiteRunner.java:371)
	at org.testng.SuiteRunner.privateRun(SuiteRunner.java:332)
	at org.testng.SuiteRunner.run(SuiteRunner.java:276)
	at org.testng.SuiteRunnerWorker.runSuite(SuiteRunnerWorker.java:53)
	at org.testng.SuiteRunnerWorker.run(SuiteRunnerWorker.java:96)
	at org.testng.TestNG.runSuitesSequentially(TestNG.java:1212)
	at org.testng.TestNG.runSuitesLocally(TestNG.java:1134)
	at org.testng.TestNG.runSuites(TestNG.java:1063)
	at org.testng.TestNG.run(TestNG.java:1031)
	at org.testng.remote.AbstractRemoteTestNG.run(AbstractRemoteTestNG.java:115)
	at org.testng.remote.RemoteTestNG.initAndRun(RemoteTestNG.java:251)
	at org.testng.remote.RemoteTestNG.main(RemoteTestNG.java:77)
</pre></div></td>
<td>0</td>
<td>com.freecrm.testcases.HomePageTest@7ea9e1e2</td></tr>
</table><p>
<table width='100%' border='1' class='invocation-passed'>
<tr><td colspan='4' align='center'><b>PASSED TESTS</b></td></tr>
<tr><td><b>Test method</b></td>
<td width="30%"><b>Exception</b></td>
<td width="10%"><b>Time (seconds)</b></td>
<td><b>Instance</b></td>
</tr>
<tr>
<td title='com.freecrm.testcases.LoginPageTest.clickContactCheck()'><b>clickContactCheck</b><br>Test class: com.freecrm.testcases.LoginPageTest<br>Parameters: public void com.freecrm.testcases.LoginPageTest.clickContactCheck(java.lang.reflect.Method) throws java.io.IOException</td>
<td></td>
<td>4</td>
<td>com.freecrm.testcases.LoginPageTest@2f217633</td></tr>
<tr>
<td title='com.freecrm.testcases.LoginPageTest.titleTest()'><b>titleTest</b><br>Test class: com.freecrm.testcases.LoginPageTest<br>Parameters: public void com.freecrm.testcases.LoginPageTest.titleTest(java.lang.reflect.Method) throws java.io.IOException</td>
<td></td>
<td>0</td>
<td>com.freecrm.testcases.LoginPageTest@2f217633</td></tr>
<tr>
<td title='com.freecrm.testcases.LoginPageTest.clickFeaturesCheck()'><b>clickFeaturesCheck</b><br>Test class: com.freecrm.testcases.LoginPageTest<br>Parameters: public void com.freecrm.testcases.LoginPageTest.clickFeaturesCheck(java.lang.reflect.Method) throws java.io.IOException</td>
<td></td>
<td>4</td>
<td>com.freecrm.testcases.LoginPageTest@2f217633</td></tr>
<tr>
<td title='com.freecrm.testcases.HomePageTest.titleTest()'><b>titleTest</b><br>Test class: com.freecrm.testcases.HomePageTest</td>
<td></td>
<td>0</td>
<td>com.freecrm.testcases.HomePageTest@7ea9e1e2</td></tr>
<tr>
<td title='com.freecrm.testcases.LoginPageTest.loginTest()'><b>loginTest</b><br>Test class: com.freecrm.testcases.LoginPageTest<br>Parameters: abdo@abo.com, abd123123</td>
<td></td>
<td>4</td>
<td>com.freecrm.testcases.LoginPageTest@2f217633</td></tr>
<tr>
<td title='com.freecrm.testcases.LoginPageTest.clickSignUpCheck()'><b>clickSignUpCheck</b><br>Test class: com.freecrm.testcases.LoginPageTest<br>Parameters: public void com.freecrm.testcases.LoginPageTest.clickSignUpCheck(java.lang.reflect.Method) throws java.io.IOException</td>
<td></td>
<td>6</td>
<td>com.freecrm.testcases.LoginPageTest@2f217633</td></tr>
<tr>
<td title='com.freecrm.testcases.LoginPageTest.clickPricingCheck()'><b>clickPricingCheck</b><br>Test class: com.freecrm.testcases.LoginPageTest<br>Parameters: public void com.freecrm.testcases.LoginPageTest.clickPricingCheck(java.lang.reflect.Method) throws java.io.IOException</td>
<td></td>
<td>3</td>
<td>com.freecrm.testcases.LoginPageTest@2f217633</td></tr>
<tr>
<td title='com.freecrm.testcases.LoginPageTest.loginTest()'><b>loginTest</b><br>Test class: com.freecrm.testcases.LoginPageTest<br>Parameters: abdo@yahoo.com, abdo1230</td>
<td></td>
<td>3</td>
<td>com.freecrm.testcases.LoginPageTest@2f217633</td></tr>
<tr>
<td title='com.freecrm.testcases.LoginPageTest.logoCheck()'><b>logoCheck</b><br>Test class: com.freecrm.testcases.LoginPageTest<br>Parameters: public void com.freecrm.testcases.LoginPageTest.logoCheck(java.lang.reflect.Method) throws java.io.IOException</td>
<td></td>
<td>0</td>
<td>com.freecrm.testcases.LoginPageTest@2f217633</td></tr>
<tr>
<td title='com.freecrm.testcases.LoginPageTest.urlCheck()'><b>urlCheck</b><br>Test class: com.freecrm.testcases.LoginPageTest<br>Parameters: public void com.freecrm.testcases.LoginPageTest.urlCheck(java.lang.reflect.Method) throws java.io.IOException</td>
<td></td>
<td>0</td>
<td>com.freecrm.testcases.LoginPageTest@2f217633</td></tr>
<tr>
<td title='com.freecrm.testcases.LoginPageTest.loginTest()'><b>loginTest</b><br>Test class: com.freecrm.testcases.LoginPageTest<br>Parameters: hat2003, Test@123</td>
<td></td>
<td>9</td>
<td>com.freecrm.testcases.LoginPageTest@2f217633</td></tr>
<tr>
<td title='com.freecrm.testcases.LoginPageTest.clickCustomersCheck()'><b>clickCustomersCheck</b><br>Test class: com.freecrm.testcases.LoginPageTest<br>Parameters: public void com.freecrm.testcases.LoginPageTest.clickCustomersCheck(java.lang.reflect.Method) throws java.io.IOException</td>
<td></td>
<td>3</td>
<td>com.freecrm.testcases.LoginPageTest@2f217633</td></tr>
<tr>
<td title='com.freecrm.testcases.LoginPageTest.clickHomeCheck()'><b>clickHomeCheck</b><br>Test class: com.freecrm.testcases.LoginPageTest<br>Parameters: public void com.freecrm.testcases.LoginPageTest.clickHomeCheck(java.lang.reflect.Method) throws java.io.IOException</td>
<td></td>
<td>4</td>
<td>com.freecrm.testcases.LoginPageTest@2f217633</td></tr>
</table><p>
</body>
</html>