<?xml version="1.0" encoding="UTF-8"?>
<!-- Generated by org.testng.reporters.JUnitXMLReporter -->
<testsuite ignored="0" hostname="DESKTOP-RUFP0BD" failures="1" tests="14" name="HL" time="166.878" errors="0" timestamp="2023-01-10T05:03:52 EET">
  <testcase classname="com.freecrm.testcases.HomePageTest" name="urlCheck" time="0.032">
    <failure type="java.lang.AssertionError" message="The following asserts failed:
	expected [https://classic.freecrm.com/index.cfm?CFID=2102726&amp;amp;CFTOKEN=823b7dcc29de5e26-87F7B7DD-BF3F-6DE4-EBD85681188A5C8C&amp;amp;jsessionid=a630b2c92f5d9626563e1110d23674de3b31] but found [https://classic.freecrm.com/index.cfm?CFID=132615&amp;amp;CFTOKEN=33201820&amp;amp;jsessionid=b630e86a0dc714b4321d2136e2e416573b3c]">
      <![CDATA[java.lang.AssertionError: The following asserts failed:
expected [https://classic.freecrm.com/index.cfm?CFID=2102726&CFTOKEN=823b7dcc29de5e26-87F7B7DD-BF3F-6DE4-EBD85681188A5C8C&jsessionid=a630b2c92f5d9626563e1110d23674de3b31] but found [https://classic.freecrm.com/index.cfm?CFID=132615&CFTOKEN=33201820&jsessionid=b630e86a0dc714b4321d2136e2e416573b3c]
at com.freecrm.testcases.HomePageTest.urlCheck(HomePageTest.java:39)
at java.base/java.util.ArrayList.forEach(ArrayList.java:1511)
... Removed 29 stack frames]]>
    </failure>
  </testcase> <!-- urlCheck -->
  <testcase classname="com.freecrm.testcases.HomePageTest" name="titleTest" time="0.039"/>
  <testcase classname="com.freecrm.testcases.LoginPageTest" name="loginTest" time="4.12"/>
  <testcase classname="com.freecrm.testcases.LoginPageTest" name="loginTest" time="3.975"/>
  <testcase classname="com.freecrm.testcases.LoginPageTest" name="loginTest" time="9.123"/>
  <testcase classname="com.freecrm.testcases.LoginPageTest" name="titleTest" time="0.475"/>
  <testcase classname="com.freecrm.testcases.LoginPageTest" name="urlCheck" time="0.417"/>
  <testcase classname="com.freecrm.testcases.LoginPageTest" name="logoCheck" time="0.57"/>
  <testcase classname="com.freecrm.testcases.LoginPageTest" name="clickHomeCheck" time="4.615"/>
  <testcase classname="com.freecrm.testcases.LoginPageTest" name="clickSignUpCheck" time="6.007"/>
  <testcase classname="com.freecrm.testcases.LoginPageTest" name="clickPricingCheck" time="3.537"/>
  <testcase classname="com.freecrm.testcases.LoginPageTest" name="clickFeaturesCheck" time="4.513"/>
  <testcase classname="com.freecrm.testcases.LoginPageTest" name="clickCustomersCheck" time="3.55"/>
  <testcase classname="com.freecrm.testcases.LoginPageTest" name="clickContactCheck" time="4.965"/>
</testsuite> <!-- HL -->
